<?xml version="1.0" encoding="UTF-8"?>
<!-- Generated by org.testng.reporters.JUnitReportReporter -->
<testsuite hostname="DESKTOP-MMOB49H" failures="0" tests="1" name="com.zoho.testscript.CampaignModule" time="0.027" errors="0" timestamp="2024-09-12T18:38:15 IST" skipped="0">
  <testcase classname="com.zoho.testscript.CampaignModule" name="CreateCustomer" time="0.027"/>
  <system-out>
    <![CDATA[CreateCustomer]]>
  </system-out>
</testsuite> <!-- com.zoho.testscript.CampaignModule -->
